[2015-05-02 23:36:49] START
[2015-05-02 23:36:49] EDIT testing/models/db_pos.py: 6
[2015-05-02 23:37:59] EDIT testing/controllers/default.py: 2
[2015-05-02 23:41:15] EDIT testing/views/default/index.html: 11
[2015-05-02 23:42:38] EDIT testing/controllers/default.py: 0
[2015-05-02 23:42:57] EDIT testing/controllers/default.py: 4
[2015-05-02 23:43:33] EDIT testing/controllers/default.py: 0
[2015-05-02 23:44:27] CREATE default/clothings.html: 0
[2015-05-02 23:45:02] EDIT testing/views/default/clothings.html: 6
[2015-05-02 23:46:26] EDIT testing/controllers/default.py: 3
[2015-05-02 23:46:40] CREATE default/show.py: 0
[2015-05-02 23:47:17] CREATE default/show.html: 0
[2015-05-02 23:47:55] EDIT testing/views/default/show.html: 8
[2015-05-02 23:50:57] EDIT testing/controllers/default.py: 2
[2015-05-02 23:51:53] EDIT testing/views/default/cart.html: 0
[2015-05-03 00:06:32] EDIT testing/controllers/default.py: 0
[2015-05-03 00:07:13] EDIT testing/views/default/show.html: 0
[2015-05-03 00:07:18] EDIT testing/views/default/cart.html: 0
[2015-05-03 00:07:22] EDIT testing/controllers/default.py: 0
[2015-05-03 00:09:22] EDIT testing/controllers/default.py: 1
[2015-05-03 00:09:45] EDIT testing/views/default/cart.html: 1
[2015-05-03 00:15:32] EDIT testing/controllers/default.py: 0
[2015-05-03 00:18:15] EDIT testing/controllers/default.py: 4
[2015-05-03 00:19:42] EDIT testing/controllers/default.py: 0
[2015-05-03 00:20:35] EDIT testing/controllers/default.py: 0
[2015-05-03 00:21:00] EDIT testing/controllers/default.py: 0
[2015-05-03 00:21:49] EDIT testing/controllers/default.py: 0
[2015-05-03 00:22:40] EDIT testing/controllers/default.py: 0
[2015-05-03 00:26:03] EDIT testing/controllers/default.py: -4
[2015-05-03 00:26:27] EDIT testing/views/default/cart.html: 0
[2015-05-03 00:26:32] EDIT testing/views/default/cart.html: 0
[2015-05-03 00:27:16] EDIT testing/controllers/default.py: 0
[2015-05-03 00:29:58] EDIT testing/controllers/default.py: -2
[2015-05-03 00:31:24] EDIT testing/controllers/default.py: 1
[2015-05-03 00:32:01] EDIT testing/controllers/default.py: 0
[2015-05-03 00:32:51] EDIT testing/controllers/default.py: -2
[2015-05-03 00:33:48] EDIT testing/controllers/default.py: 0
[2015-05-03 00:35:14] EDIT testing/controllers/default.py: 18
[2015-05-03 00:36:02] CREATE default/accessories.html: 0
[2015-05-03 00:36:32] CREATE default/laptopss.html: 0
[2015-05-03 00:36:42] CREATE default/menclothes.html: 0
[2015-05-03 00:36:56] CREATE default/mobiless.html: 0
[2015-05-03 00:37:09] CREATE default/womenclothes.html: 0
[2015-05-03 00:37:48] EDIT testing/views/default/accessories.html: 6
[2015-05-03 00:38:20] EDIT testing/views/default/laptopss.html: 5
[2015-05-03 00:39:11] EDIT testing/views/default/menclothes.html: 18
[2015-05-03 00:39:30] EDIT testing/views/default/mobiless.html: 18
[2015-05-03 00:39:55] EDIT testing/views/default/womenclothes.html: 18
[2015-05-03 00:43:49] EDIT testing/controllers/default.py: 0
[2015-05-03 00:43:59] EDIT testing/views/default/products.html: -5
[2015-05-03 00:49:53] EDIT testing/views/default/accessories.html: 0
[2015-05-03 00:49:55] EDIT testing/views/default/accessories.html: 0
[2015-05-03 00:50:04] EDIT testing/views/default/laptopss.html: 0
[2015-05-03 00:50:10] EDIT testing/views/default/menclothes.html: 0
[2015-05-03 00:50:17] EDIT testing/views/default/mobiless.html: 0
[2015-05-03 00:50:23] EDIT testing/views/default/womenclothes.html: 0
[2015-05-03 00:58:28] EDIT testing/controllers/default.py: -18
[2015-05-03 00:59:19] EDIT testing/controllers/default.py: -1
[2015-05-03 01:02:19] EDIT testing/controllers/default.py: 4
[2015-05-03 01:05:42] EDIT testing/controllers/default.py: 3
[2015-05-03 01:06:30] EDIT testing/views/default/menclothes.html: -11
[2015-05-03 01:08:25] EDIT testing/controllers/default.py: 3
[2015-05-03 01:08:44] EDIT testing/views/default/womenclothes.html: 0
[2015-05-03 01:08:50] EDIT testing/views/default/womenclothes.html: -11
[2015-05-03 01:08:59] EDIT testing/views/default/womenclothes.html: 0
[2015-05-03 01:09:08] EDIT testing/views/default/menclothes.html: 0
[2015-05-03 01:10:14] EDIT testing/controllers/default.py: 3
[2015-05-03 01:10:54] EDIT testing/controllers/default.py: 3
[2015-05-03 01:12:11] EDIT testing/views/default/mobiless.html: -13
[2015-05-03 01:12:19] EDIT testing/controllers/default.py: 0
[2015-05-03 01:13:59] EDIT testing/models/menu.py: -1
[2015-05-03 01:32:50] EDIT testing/controllers/default.py: 0
[2015-05-03 01:34:06] EDIT testing/controllers/default.py: 0
[2015-05-03 01:46:12] EDIT testing/controllers/default.py: 3
[2015-05-03 01:46:27] EDIT testing/controllers/default.py: 0
[2015-05-03 01:51:00] EDIT testing/views/default/myorders.html: 2
[2015-05-03 02:10:00] EDIT testing/controllers/default.py: 2
[2015-05-03 02:13:12] EDIT testing/views/default/myorders.html: -2
[2015-05-03 02:14:26] EDIT testing/controllers/default.py: 0
[2015-05-03 02:16:46] EDIT testing/controllers/default.py: 0
[2015-05-03 02:17:50] EDIT testing/controllers/default.py: 0
[2015-05-03 02:20:23] EDIT testing/controllers/default.py: 0
[2015-05-03 02:21:21] EDIT testing/views/default/myorders.html: 2
[2015-05-03 02:22:21] EDIT testing/views/default/myorders.html: -2
[2015-05-03 02:22:50] EDIT testing/views/default/myorders.html: 0
[2015-05-03 02:24:00] EDIT testing/views/default/invoice.html: 3
[2015-05-03 16:00:16] EDIT testing/controllers/default.py: 2
[2015-05-03 16:00:31] EDIT testing/views/default/menclothes.html: 11
[2015-05-03 16:00:50] EDIT testing/views/default/womenclothes.html: 11
[2015-05-03 16:14:35] EDIT testing/views/layout.html: -6
[2015-05-03 16:16:23] EDIT testing/views/layout.html: -10
[2015-05-03 16:17:25] EDIT testing/views/default/index.html: 0
[2015-05-03 19:03:46] EDIT Testapp/views/plugin_layouts/layouts/Glazed.html: -503
[2015-05-03 19:05:16] EDIT Testapp/views/default/index.html: 0
[2015-05-04 12:44:20] DELETE Testapp/views/plugin_layouts/layouts/Glazed.html: -66
[2015-05-04 12:45:02] EDIT Testapp/views/default/index.html: 0
[2015-05-04 12:46:47] EDIT Testapp/views/layout.html: -415
[2015-05-04 12:52:55] EDIT Testapp/views/default/index.html: 0
[2015-05-04 12:54:24] EDIT Testapp/views/default/index.html: -1
[2015-05-04 12:56:41] EDIT Testapp/views/layout.html: -20
[2015-05-04 12:58:28] EDIT Testapp/views/default/index.html: 0
[2015-05-04 13:19:56] EDIT Testapp/views/default/index.html: 83
[2015-05-04 13:20:10] EDIT Testapp/views/default/index.html: 0
[2015-05-04 13:21:57] EDIT Testapp/views/default/index.html: 0
[2015-05-04 13:25:31] EDIT Testapp/views/default/index.html: 2
[2015-05-04 13:28:00] EDIT Testapp/views/layout.html: 82
[2015-05-04 13:29:00] EDIT Testapp/views/default/index.html: -98
[2015-05-04 13:32:32] EDIT Testapp/views/layout.html: 0
[2015-05-04 13:33:43] EDIT Testapp/views/layout.html: 0
[2015-05-04 13:35:00] EDIT Testapp/views/layout.html: 0
[2015-05-04 13:36:53] EDIT Testapp/views/layout.html: 0
[2015-05-04 13:37:36] EDIT Testapp/views/layout.html: 0
[2015-05-04 13:38:16] EDIT Testapp/views/layout.html: 0
[2015-05-04 13:38:30] EDIT Testapp/views/layout.html: 0
[2015-05-04 13:49:38] EDIT Testapp/views/default/clothings.html: 22
[2015-05-04 13:50:09] EDIT Testapp/views/default/clothings.html: -2
[2015-05-04 13:52:50] EDIT Testapp/views/default/clothings.html: 122
[2015-05-04 13:54:43] EDIT Testapp/views/default/clothings.html: 3
[2015-05-04 13:56:08] EDIT Testapp/views/default/clothings.html: -146
[2015-05-04 13:58:39] EDIT Testapp/views/default/clothings.html: 31
[2015-05-04 14:42:21] EDIT Testapp/views/default/clothings.html: -30
[2015-05-04 14:49:01] EDIT Testapp/views/default/clothings.html: 0
[2015-05-04 14:49:24] EDIT Testapp/views/default/menclothes.html: 0
[2015-05-04 14:49:43] EDIT Testapp/views/default/womenclothes.html: 0
[2015-05-04 14:55:31] EDIT Testapp/views/default/laptopss.html: 7
[2015-05-04 14:55:41] EDIT Testapp/views/default/laptopss.html: 0
[2015-05-04 15:39:18] EDIT Testapp/views/default/laptopss.html: 2
[2015-05-04 15:41:01] EDIT Testapp/views/default/laptopss.html: 5
[2015-05-04 15:41:06] EDIT Testapp/views/default/laptopss.html: 0
[2015-05-04 15:41:42] EDIT Testapp/views/default/laptopss.html: -1
[2015-05-04 15:42:45] EDIT Testapp/views/default/laptopss.html: 0
[2015-05-04 15:43:07] EDIT Testapp/views/default/laptopss.html: 0
[2015-05-04 15:44:36] EDIT Testapp/views/default/laptopss.html: 0
[2015-05-04 15:44:47] EDIT Testapp/views/default/laptopss.html: 0
[2015-05-04 15:45:19] EDIT Testapp/views/default/laptopss.html: 0
[2015-05-04 15:48:35] EDIT Testapp/views/default/laptopss.html: 0
[2015-05-04 15:51:32] EDIT Testapp/views/default/laptopss.html: 3
[2015-05-04 15:52:20] EDIT Testapp/views/default/laptopss.html: 0
[2015-05-04 15:53:04] EDIT Testapp/views/default/laptopss.html: 0
[2015-05-04 15:53:07] EDIT Testapp/views/default/laptopss.html: 0
[2015-05-04 15:53:22] EDIT Testapp/views/default/laptopss.html: 0
[2015-05-04 15:53:41] EDIT Testapp/views/default/laptopss.html: 0
[2015-05-04 15:54:09] EDIT Testapp/views/default/laptopss.html: 0
[2015-05-04 15:54:23] EDIT Testapp/views/default/laptopss.html: 0
[2015-05-04 15:54:38] EDIT Testapp/views/default/laptopss.html: 0
[2015-05-04 15:56:00] EDIT Testapp/views/default/laptopss.html: 0
[2015-05-04 15:56:51] EDIT Testapp/views/default/laptopss.html: 0
[2015-05-04 15:57:08] EDIT Testapp/views/default/laptopss.html: 0
[2015-05-04 15:57:23] EDIT Testapp/views/default/laptopss.html: 0
[2015-05-04 15:57:44] EDIT Testapp/views/default/laptopss.html: 0
[2015-05-04 15:58:10] EDIT Testapp/views/default/laptopss.html: 0
[2015-05-04 15:58:44] EDIT Testapp/views/default/laptopss.html: 0
[2015-05-04 15:58:56] EDIT Testapp/views/default/laptopss.html: 0
[2015-05-04 16:00:16] EDIT Testapp/views/default/laptopss.html: 3
[2015-05-04 16:01:01] EDIT Testapp/views/default/laptopss.html: 3
[2015-05-04 16:01:20] EDIT Testapp/views/default/laptopss.html: 0
[2015-05-04 16:02:42] EDIT Testapp/views/default/clothings.html: 22
[2015-05-04 16:03:00] EDIT Testapp/views/default/clothings.html: 0
[2015-05-04 16:03:04] EDIT Testapp/views/default/clothings.html: 0
[2015-05-04 16:07:35] EDIT Testapp/views/default/clothings.html: 5
[2015-05-04 16:08:06] EDIT Testapp/views/default/clothings.html: 0
[2015-05-04 16:09:23] EDIT Testapp/views/default/clothings.html: 0
[2015-05-04 16:09:41] EDIT Testapp/views/default/clothings.html: 0
[2015-05-04 16:11:59] EDIT Testapp/views/default/clothings.html: 6
[2015-05-04 16:14:22] EDIT Testapp/controllers/default.py: 0
[2015-05-04 16:16:13] EDIT Testapp/controllers/default.py: 2
[2015-05-04 16:19:39] EDIT Testapp/controllers/default.py: 9
[2015-05-04 16:20:20] EDIT Testapp/views/default/menclothes.html: -12
[2015-05-04 16:20:41] EDIT Testapp/views/default/womenclothes.html: -12
[2015-05-04 16:23:55] EDIT Testapp/controllers/default.py: 2
[2015-05-04 16:24:04] EDIT Testapp/controllers/default.py: 1
[2015-05-04 16:24:14] EDIT Testapp/controllers/default.py: -1
[2015-05-04 16:25:31] EDIT Testapp/controllers/default.py: 1
[2015-05-04 16:26:00] EDIT Testapp/views/default/clothings.html: 0
[2015-05-04 16:27:11] EDIT Testapp/views/default/clothings.html: 0
[2015-05-04 16:27:23] EDIT Testapp/views/default/clothings.html: 0
[2015-05-04 16:27:40] EDIT Testapp/views/default/clothings.html: 0
[2015-05-04 16:27:52] EDIT Testapp/views/default/clothings.html: 0
[2015-05-04 16:28:01] EDIT Testapp/views/default/clothings.html: 0
[2015-05-04 16:28:45] EDIT Testapp/views/default/clothings.html: 0
[2015-05-04 16:30:06] EDIT Testapp/views/default/index.html: 14
[2015-05-04 16:33:07] EDIT Testapp/controllers/default.py: -2
[2015-05-04 16:33:28] EDIT Testapp/views/default/index.html: -14
[2015-05-04 16:34:38] EDIT Testapp/views/layout.html: -4
[2015-05-04 16:36:14] EDIT Testapp/views/layout.html: 0
[2015-05-04 16:36:40] EDIT Testapp/views/layout.html: 0
[2015-05-04 16:37:05] EDIT Testapp/views/layout.html: 0
[2015-05-04 16:38:50] EDIT Testapp/views/layout.html: 0
[2015-05-04 16:39:39] EDIT Testapp/views/layout.html: 1
[2015-05-04 16:40:14] EDIT Testapp/views/default/clothings.html: 0
[2015-05-04 16:42:01] EDIT Testapp/views/layout.html: 0
[2015-05-04 16:42:27] EDIT Testapp/views/layout.html: 0
[2015-05-04 16:42:40] EDIT Testapp/views/layout.html: 0
[2015-05-04 16:44:08] CREATE default/topmen.html: 0
[2015-05-04 16:44:28] CREATE default/topwomen.html: 0
[2015-05-04 16:44:53] CREATE default/bottommen.html: 0
[2015-05-04 16:45:13] CREATE default/bottomwomen.html: 0
[2015-05-04 16:47:53] EDIT Testapp/controllers/default.py: 1
[2015-05-04 16:48:17] EDIT Testapp/views/default/accessories.html: 33
[2015-05-04 16:50:30] EDIT Testapp/controllers/default.py: 1
[2015-05-04 16:50:50] EDIT Testapp/controllers/default.py: 1
[2015-05-04 16:51:24] EDIT Testapp/views/default/menclothes.html: 33
[2015-05-04 16:51:52] EDIT Testapp/views/default/womenclothes.html: 33
[2015-05-04 16:54:37] EDIT Testapp/views/default/mobiless.html: 22
[2015-05-04 16:55:35] EDIT Testapp/views/default/mobiless.html: 0
[2015-05-04 16:56:19] EDIT Testapp/views/default/bottommen.html: 27
[2015-05-04 16:56:28] EDIT Testapp/views/default/bottommen.html: 0
[2015-05-04 16:56:43] EDIT Testapp/views/default/bottomwomen.html: 27
[2015-05-04 16:56:58] EDIT Testapp/views/default/topmen.html: 27
[2015-05-04 16:57:11] EDIT Testapp/views/default/topwomen.html: 27
[2015-05-04 16:59:13] EDIT Testapp/views/default/index.html: 0
[2015-05-04 16:59:48] EDIT Testapp/views/default/index.html: 1
[2015-05-04 17:00:03] EDIT Testapp/views/default/index.html: 0
[2015-05-04 17:00:33] EDIT Testapp/views/default/index.html: 0
[2015-05-04 17:02:24] EDIT Testapp/views/layout.html: 0
[2015-05-04 17:02:40] EDIT Testapp/views/layout.html: 0
[2015-05-04 17:12:01] CREATE fonts/fonts.eot: 0
[2015-05-04 17:16:41] EDIT Testapp/views/default/index.html: 10
[2015-05-04 17:18:05] EDIT Testapp/views/default/index.html: 0
[2015-05-04 17:19:32] EDIT Testapp/views/default/index.html: -1
[2015-05-04 17:20:49] EDIT Testapp/views/layout.html: 7
[2015-05-04 17:21:33] EDIT Testapp/views/layout.html: 0
[2015-05-04 17:29:03] CREATE fonts/fonts1.ttf: 0
[2015-05-04 17:29:44] CREATE fonts/fonts2.ttf: 0
[2015-05-04 17:30:19] CREATE fonts/fonts4.ttf: 0
[2015-05-04 17:31:47] EDIT Testapp/views/layout.html: 12
[2015-05-04 17:32:40] EDIT Testapp/views/layout.html: 0
[2015-05-04 17:33:16] EDIT Testapp/views/layout.html: 4
[2015-05-04 17:33:49] EDIT Testapp/views/layout.html: -4
[2015-05-04 17:34:18] EDIT Testapp/views/layout.html: 0
[2015-05-04 17:34:52] EDIT Testapp/views/layout.html: 0
[2015-05-04 17:35:14] EDIT Testapp/views/layout.html: -13
[2015-05-04 17:35:49] EDIT Testapp/views/default/index.html: 16
[2015-05-04 17:36:08] EDIT Testapp/views/default/index.html: 1
[2015-05-04 17:36:46] EDIT Testapp/views/layout.html: -6
[2015-05-04 17:37:03] EDIT Testapp/views/default/index.html: 0
[2015-05-04 17:37:37] EDIT Testapp/views/default/index.html: -1
[2015-05-04 17:38:51] EDIT Testapp/views/default/index.html: -4
[2015-05-04 17:40:08] EDIT Testapp/views/default/index.html: -11
[2015-05-04 17:41:16] EDIT Testapp/views/default/index.html: 0
[2015-05-04 17:41:47] DELETE Testapp/static/fonts/fonts1.ttf: 0
[2015-05-04 17:42:12] DELETE Testapp/static/fonts/fonts4.ttf: 0
[2015-05-04 17:42:28] DELETE Testapp/static/fonts/fonts2.ttf: 0
[2015-05-04 17:43:01] EDIT Testapp/views/default/index.html: 0
[2015-05-04 17:43:22] EDIT Testapp/views/default/index.html: -9
[2015-05-04 17:44:09] EDIT Testapp/views/default/index.html: 9
[2015-05-04 17:44:25] CREATE fonts/fonts1.ttf: 0
[2015-05-04 17:44:31] EDIT Testapp/views/default/index.html: 0
[2015-05-04 17:45:15] DELETE Testapp/static/fonts/fonts.eot: 0
[2015-05-04 17:47:44] EDIT Testapp/views/default/index.html: 17
[2015-05-04 17:48:03] EDIT Testapp/views/default/index.html: -8
[2015-05-04 17:48:29] EDIT Testapp/views/default/index.html: 1
[2015-05-04 17:49:16] EDIT Testapp/views/default/index.html: -1
[2015-05-04 17:53:07] EDIT Testapp/views/default/index.html: 1
[2015-05-04 17:53:19] EDIT Testapp/views/default/index.html: 0
[2015-05-04 17:53:47] EDIT Testapp/views/default/index.html: 0
[2015-05-04 17:54:01] EDIT Testapp/views/default/index.html: 0
[2015-05-04 18:04:01] EDIT Testapp/views/default/show.html: 15
[2015-05-04 18:06:02] EDIT Testapp/views/default/index.html: 5
[2015-05-04 18:06:44] EDIT Testapp/controllers/default.py: 0
[2015-05-04 18:09:30] EDIT Testapp/controllers/default.py: 0
[2015-05-04 18:12:39] EDIT Testapp/models/db_pos.py: 1
[2015-05-04 18:24:15] EDIT Testapp/controllers/default.py: 3
[2015-05-04 18:24:42] EDIT Testapp/views/default/index.html: 1
[2015-05-04 18:24:47] EDIT Testapp/views/default/index.html: 0
[2015-05-04 18:25:39] EDIT Testapp/views/default/index.html: 2
[2015-05-04 18:26:14] EDIT Testapp/views/default/index.html: -9
[2015-05-04 18:29:38] EDIT Testapp/views/default/index.html: 10
[2015-05-04 18:30:22] EDIT Testapp/views/default/index.html: 0
[2015-05-04 18:31:37] EDIT Testapp/views/default/index.html: 0
[2015-05-04 18:34:08] EDIT Testapp/models/db_pos.py: 0
[2015-05-04 18:35:39] EDIT Testapp/controllers/default.py: -1
[2015-05-04 18:41:40] EDIT Testapp/views/default/index.html: -11
[2015-05-04 18:43:30] EDIT Testapp/controllers/default.py: -3
[2015-05-04 18:44:31] EDIT Testapp/views/default/index.html: 1
[2015-05-04 18:44:46] EDIT Testapp/views/default/index.html: 0
[2015-05-04 18:45:04] EDIT Testapp/views/default/index.html: 0
[2015-05-04 18:46:00] EDIT Testapp/views/default/index.html: 0
[2015-05-04 18:46:17] EDIT Testapp/views/default/index.html: 2
[2015-05-04 18:46:41] EDIT Testapp/views/default/index.html: 10
[2015-05-04 18:53:57] EDIT Testapp/views/default/index.html: 0
[2015-05-04 18:54:01] EDIT Testapp/views/default/index.html: 0
[2015-05-04 19:02:53] EDIT Testapp/views/default/index.html: -7
[2015-05-04 19:06:31] EDIT Testapp/views/default/index.html: 15
[2015-05-04 19:07:38] EDIT Testapp/views/default/index.html: 0
[2015-05-04 19:09:18] EDIT Testapp/views/default/index.html: 0
[2015-05-04 19:09:50] EDIT Testapp/views/default/index.html: 0
[2015-05-04 19:10:07] EDIT Testapp/views/default/index.html: 0
[2015-05-04 19:10:21] EDIT Testapp/views/default/index.html: 0
[2015-05-04 19:10:56] EDIT Testapp/views/default/index.html: 0
[2015-05-04 19:11:05] EDIT Testapp/views/default/index.html: 0
[2015-05-04 19:11:52] EDIT Testapp/views/default/index.html: 0
[2015-05-04 19:12:25] EDIT Testapp/views/default/index.html: 0
[2015-05-04 19:12:50] EDIT Testapp/views/default/index.html: 0
[2015-05-04 19:13:30] EDIT Testapp/views/default/index.html: 0
[2015-05-04 19:24:39] EDIT Testapp/views/layout.html: 0
[2015-05-04 19:25:00] EDIT Testapp/views/layout.html: 0
[2015-05-04 19:25:25] EDIT Testapp/views/layout.html: 0
[2015-05-04 19:26:03] EDIT Testapp/views/default/index.html: 0
[2015-05-04 20:52:12] EDIT Testapp/views/layout.html: 0
[2015-05-04 20:55:47] EDIT Testapp/views/default/show.html: 1
[2015-05-04 20:56:35] EDIT Testapp/views/default/show.html: 1
[2015-05-04 21:02:18] EDIT Testapp/views/default/cart.html: 0
[2015-05-04 21:04:42] EDIT Testapp/views/default/cart.html: 5
[2015-05-04 21:04:56] EDIT Testapp/views/default/cart.html: 0
[2015-05-04 21:05:25] EDIT Testapp/views/default/cart.html: 0
[2015-05-04 21:05:29] EDIT Testapp/views/default/cart.html: 0
[2015-05-04 21:06:11] EDIT Testapp/views/default/cart.html: 0
[2015-05-04 21:25:41] EDIT Testapp/controllers/default.py: 6
[2015-05-04 21:27:09] EDIT Testapp/controllers/default.py: 0
[2015-05-04 21:28:11] EDIT Testapp/controllers/default.py: -3
[2015-05-04 21:29:21] EDIT Testapp/views/default/show.html: 0
[2015-05-04 21:42:13] EDIT Testapp/controllers/default.py: 5
[2015-05-04 21:44:52] EDIT Testapp/views/default/index.html: 6
[2015-05-04 21:45:23] EDIT Testapp/views/default/index.html: 1
[2015-05-04 21:45:36] EDIT Testapp/views/default/index.html: 0
[2015-05-04 21:46:02] EDIT Testapp/views/default/index.html: 0
[2015-05-04 21:46:17] EDIT Testapp/views/default/index.html: 1
[2015-05-04 21:46:29] EDIT Testapp/views/default/index.html: 0
[2015-05-04 21:46:39] EDIT Testapp/views/default/index.html: 0
[2015-05-04 21:48:39] EDIT Testapp/controllers/default.py: 1
[2015-05-04 21:49:10] EDIT Testapp/controllers/default.py: 2
[2015-05-04 22:00:25] EDIT Testapp/views/default/index.html: 0
[2015-05-04 22:05:02] EDIT Testapp/views/layout.html: 0
[2015-05-04 22:05:15] EDIT Testapp/views/layout.html: 0
[2015-05-04 22:20:58] EDIT Testapp/controllers/default.py: 4
[2015-05-04 22:40:50] EDIT Testapp/models/db_pos.py: 0
[2015-05-04 22:41:20] EDIT Testapp/models/db_pos.py: 0
[2015-05-04 22:41:36] EDIT Testapp/models/db_pos.py: 0
[2015-05-04 22:41:51] EDIT Testapp/models/db_pos.py: 0
[2015-05-04 22:45:39] EDIT Testapp/controllers/default.py: -4
[2015-05-04 22:49:35] EDIT Testapp/models/db_pos.py: 0
[2015-05-04 22:50:52] EDIT Testapp/models/db_pos.py: 0
[2015-05-04 23:15:51] EDIT Testapp/models/db_pos.py: 0
[2015-05-04 23:16:17] EDIT Testapp/views/default/show.html: 0
[2015-05-04 23:16:31] EDIT Testapp/views/default/accessories.html: 0
[2015-05-04 23:16:44] EDIT Testapp/views/default/bottommen.html: 0
[2015-05-04 23:16:53] EDIT Testapp/views/default/bottomwomen.html: 0
[2015-05-04 23:17:01] EDIT Testapp/views/default/clothings.html: 0
[2015-05-04 23:17:12] EDIT Testapp/views/default/laptopss.html: 0
[2015-05-04 23:17:23] EDIT Testapp/views/default/menclothes.html: 0
[2015-05-04 23:17:47] EDIT Testapp/views/default/topmen.html: 0
[2015-05-04 23:17:55] EDIT Testapp/views/default/topwomen.html: 0
[2015-05-04 23:18:04] EDIT Testapp/views/default/womenclothes.html: 0
[2015-05-04 23:19:15] EDIT Testapp/controllers/default.py: 0
[2015-05-04 23:23:10] EDIT Testapp/controllers/default.py: 0
[2015-05-05 00:27:49] EDIT Testapp/controllers/default.py: -8
[2015-05-05 00:28:07] EDIT Testapp/views/default/index.html: -3
[2015-05-05 00:29:01] EDIT Testapp/views/default/show.html: 0
[2015-05-05 00:47:47] EDIT Testapp/controllers/default.py: 0
[2015-05-05 00:48:43] EDIT Testapp/controllers/default.py: 0
[2015-05-05 00:51:05] EDIT Testapp/models/db_pos.py: 0
[2015-05-05 01:04:11] EDIT abcd/views/layout.html: 0
[2015-05-05 01:12:49] EDIT abcd/views/default/laptopss.html: 0
[2015-05-05 01:12:55] EDIT abcd/controllers/default.py: 0
[2015-05-05 01:13:02] EDIT abcd/views/default/bottomwomen.html: 0
[2015-05-05 01:15:49] DELETE abcd/static/fonts/fonts1.ttf: 0
[2015-05-05 01:16:55] UPLOAD C:/Users/Horijan/Desktop/web2py/applications/abcd/static/font/fonts.ttf: 702
[2015-05-05 01:17:32] DELETE abcd/views/default/index.html.1: -10
[2015-05-05 01:18:28] EDIT abcd/views/default/accessories.html: 0
[2015-05-05 12:15:16] EDIT abcd/controllers/default.py: 8
[2015-05-05 12:15:29] EDIT abcd/controllers/default.py: 0
[2015-05-05 12:20:35] EDIT abcd/controllers/default.py: 1
[2015-05-05 12:20:48] EDIT abcd/controllers/default.py: 0
[2015-05-05 12:21:29] EDIT abcd/views/default/index.html: 1
[2015-05-05 12:22:45] EDIT abcd/views/default/index.html: 0
[2015-05-05 12:24:22] EDIT abcd/controllers/default.py: 0
[2015-05-05 12:27:27] EDIT abcd/controllers/default.py: 2
[2015-05-05 12:27:51] CREATE default/searchresults.html: 0
[2015-05-05 12:28:41] EDIT abcd/views/default/searchresults.html: 27
[2015-05-05 12:29:01] EDIT abcd/controllers/default.py: 0
[2015-05-05 12:31:54] EDIT abcd/controllers/default.py: 3
[2015-05-05 12:33:08] EDIT abcd/controllers/default.py: 0
[2015-05-05 12:33:55] EDIT abcd/controllers/default.py: 2
[2015-05-05 12:34:44] EDIT abcd/views/default/index.html: 0
[2015-05-05 12:35:36] EDIT abcd/views/default/index.html: 0
[2015-05-05 12:38:53] EDIT abcd/controllers/default.py: -4
[2015-05-05 12:39:42] EDIT abcd/controllers/default.py: 1
[2015-05-05 12:40:09] EDIT abcd/controllers/default.py: -1
[2015-05-05 12:41:07] EDIT abcd/controllers/default.py: 0
[2015-05-05 12:41:22] EDIT abcd/controllers/default.py: 0
[2015-05-05 12:43:09] EDIT abcd/views/default/index.html: 0
[2015-05-05 12:43:35] EDIT abcd/views/default/index.html: 3
[2015-05-05 12:44:02] EDIT abcd/views/default/index.html: 1
[2015-05-05 12:44:29] EDIT abcd/views/default/index.html: 1
[2015-05-05 12:44:43] EDIT abcd/views/default/index.html: 0
[2015-05-05 12:44:56] EDIT abcd/views/default/index.html: 0
[2015-05-05 12:45:26] EDIT abcd/controllers/default.py: 0
[2015-05-05 12:45:33] EDIT abcd/controllers/default.py: 0
[2015-05-05 12:45:47] EDIT abcd/controllers/default.py: 0
[2015-05-05 12:46:07] EDIT abcd/controllers/default.py: 1
[2015-05-05 12:48:27] EDIT abcd/controllers/default.py: -3
[2015-05-05 12:48:52] EDIT abcd/controllers/default.py: 0
[2015-05-05 12:49:00] EDIT abcd/controllers/default.py: 0
[2015-05-05 12:49:17] EDIT abcd/controllers/default.py: 0
[2015-05-05 12:49:29] EDIT abcd/controllers/default.py: 0
[2015-05-05 12:50:24] EDIT abcd/controllers/default.py: 2
[2015-05-05 13:18:45] EDIT abcd/controllers/default.py: 0
[2015-05-05 13:19:10] EDIT abcd/views/default/index.html: -5
[2015-05-05 13:20:51] EDIT abcd/controllers/default.py: 0
[2015-05-05 13:21:27] EDIT abcd/views/default/index.html: 18
[2015-05-05 13:50:09] EDIT abcd/views/default/index.html: 0
[2015-05-05 13:51:18] EDIT abcd/views/default/index.html: 5
[2015-05-05 13:51:58] EDIT abcd/views/default/index.html: 1
[2015-05-05 13:52:55] EDIT abcd/views/default/index.html: 0
[2015-05-05 13:54:37] EDIT abcd/views/default/index.html: -1
[2015-05-05 13:56:56] EDIT abcd/views/default/index.html: 0
[2015-05-05 13:57:39] EDIT abcd/views/default/index.html: 0
[2015-05-05 13:58:59] EDIT abcd/views/default/index.html: 1
[2015-05-05 13:59:23] EDIT abcd/views/default/index.html: 0
[2015-05-05 13:59:47] EDIT abcd/views/default/index.html: 0
[2015-05-05 14:00:08] EDIT abcd/views/default/index.html: 0
[2015-05-05 14:00:33] EDIT abcd/views/default/index.html: 0
[2015-05-05 14:00:52] EDIT abcd/views/default/index.html: 0
[2015-05-05 14:01:12] EDIT abcd/views/default/index.html: 0
[2015-05-05 14:01:44] EDIT abcd/views/default/index.html: 0
[2015-05-05 14:02:11] EDIT abcd/views/default/index.html: 0
[2015-05-05 14:02:24] EDIT abcd/views/default/index.html: 0
[2015-05-05 14:02:51] EDIT abcd/views/default/index.html: 3
[2015-05-05 14:03:22] EDIT abcd/views/default/index.html: 0
[2015-05-05 15:02:21] EDIT abcd/models/db_pos.py: 1
[2015-05-05 15:02:48] EDIT abcd/models/db_pos.py: -1
[2015-05-05 15:05:06] EDIT abcd/models/db_pos.py: 4
[2015-05-05 15:05:33] EDIT abcd/models/db_pos.py: 0
[2015-05-05 15:06:16] EDIT abcd/models/db_pos.py: -3
[2015-05-05 15:06:36] EDIT abcd/models/db_pos.py: 0
[2015-05-05 15:07:01] EDIT abcd/models/db_pos.py: 0
[2015-05-05 15:08:04] EDIT abcd/models/db_pos.py: -1
[2015-05-05 15:10:33] EDIT abcd/models/db_pos.py: 0
[2015-05-05 15:15:03] EDIT abcd/models/db_pos.py: -1
[2015-05-05 15:34:36] EDIT abcd/controllers/default.py: -3
[2015-05-05 15:35:34] EDIT abcd/views/default/accessories.html: 3
[2015-05-05 15:35:44] EDIT abcd/views/default/bottommen.html: 3
[2015-05-05 15:35:56] EDIT abcd/views/default/bottomwomen.html: 3
[2015-05-05 15:36:08] EDIT abcd/views/default/clothings.html: 3
[2015-05-05 15:36:24] EDIT abcd/views/default/laptopss.html: 3
[2015-05-05 15:36:38] EDIT abcd/views/default/menclothes.html: 3
[2015-05-05 15:36:55] EDIT abcd/views/default/mobiless.html: 3
[2015-05-05 15:37:19] EDIT abcd/views/default/show.html: 3
[2015-05-05 15:37:31] EDIT abcd/views/default/topmen.html: 3
[2015-05-05 15:37:40] EDIT abcd/views/default/topwomen.html: 3
[2015-05-05 15:37:59] EDIT abcd/views/default/womenclothes.html: 3
[2015-05-05 15:40:07] EDIT abcd/views/layout.html: 5
[2015-05-05 15:42:02] EDIT abcd/views/default/accessories.html: 0
[2015-05-05 15:44:11] EDIT abcd/views/default/show.html: 0
[2015-05-05 15:46:31] EDIT abcd/controllers/default.py: 0
[2015-05-05 15:50:14] EDIT abcd/controllers/default.py: 0
[2015-05-05 16:09:39] EDIT MyOnlineShop/views/layout.html: 0
